Arguments: 
  /Users/luisrocha/.nvm/versions/node/v16.12.0/bin/node /Users/luisrocha/.nvm/versions/node/v17.0.1/bin/yarn add @j-t-mcc/vue3-chartjs

PATH: 
  /Users/luisrocha/.nvm/versions/node/v16.12.0/bin:/Users/luisrocha/.nvm/versions/node/v17.0.1/bin:/opt/homebrew/opt/node@14/bin:/opt/homebrew/opt/node@16/bin:/opt/homebrew/bin:/opt/homebrew/sbin:/Users/luisrocha/.npm-global/bin:/usr/local/sbin:/Users/luisrocha/.npm-global/bin:/Users/luisrocha/Documents/checkin_scripts:/usr/local/bin:/usr/bin:/bin:/usr/sbin:/sbin:/usr/local/go/bin:/Applications/Little Snitch.app/Contents/Components:/Library/Apple/usr/bin:/Users/luisrocha/.nvm/versions/node/v16.12.0/bin:/opt/homebrew/opt/node@14/bin:/opt/homebrew/opt/node@16/bin:/opt/homebrew/bin:/opt/homebrew/sbin:/Users/luisrocha/.npm-global/bin:/usr/local/sbin:/Users/luisrocha/Documents/checkin_scripts:/Users/luisrocha/development/flutter/bin:/Users/luisrocha/development/flutter/bin

Yarn version: 
  1.22.17

Node version: 
  16.12.0

Platform: 
  darwin x64

Trace: 
  Error: ENOENT: no such file or directory, copyfile '/Users/luisrocha/Library/Caches/Yarn/v6/npm-glob-parent-6.0.2-6d237d99083950c79290f24c7642a3de9a28f9e3-integrity/node_modules/glob-parent/LICENSE' -> '/Users/luisrocha/Sites/demo-frontend/node_modules/tailwindcss/node_modules/glob-parent/LICENSE'

npm manifest: 
  {
    "name": "demo-frontend",
    "version": "0.0.0",
    "scripts": {
      "dev": "vite",
      "build": "vite build",
      "preview": "vite preview"
    },
    "dependencies": {
      "@headlessui/vue": "^1.4.2",
      "@heroicons/vue": "^1.0.5",
      "date-fns": "^2.28.0",
      "vue": "^3.2.25"
    },
    "devDependencies": {
      "@vitejs/plugin-vue": "^2.0.0",
      "autoprefixer": "^10.4.2",
      "postcss": "^8.4.5",
      "tailwindcss": "^3.0.13",
      "vite": "^2.7.2"
    }
  }

yarn manifest: 
  No manifest

Lockfile: 
  No lockfile
